Analysis & Synthesis report for projetofinal
Thu Jun 22 15:47:09 2023
Quartus Prime Version 18.1.0 Build 625 09/12/2018 SJ Lite Edition


---------------------
; Table of Contents ;
---------------------
  1. Legal Notice
  2. Analysis & Synthesis Summary
  3. Analysis & Synthesis Settings
  4. Parallel Compilation
  5. Analysis & Synthesis Source Files Read
  6. Analysis & Synthesis Resource Usage Summary
  7. Analysis & Synthesis Resource Utilization by Entity
  8. User-Specified and Inferred Latches
  9. Registers Removed During Synthesis
 10. General Register Statistics
 11. Inverted Register Statistics
 12. Multiplexer Restructuring Statistics (Restructuring Performed)
 13. Port Connectivity Checks: "display4bits:inst_hex1"
 14. Port Connectivity Checks: "operador:opr"
 15. Port Connectivity Checks: "operando:oper2"
 16. Port Connectivity Checks: "operando:oper1"
 17. Post-Synthesis Netlist Statistics for Top Partition
 18. Elapsed Time Per Partition
 19. Analysis & Synthesis Messages



----------------
; Legal Notice ;
----------------
Copyright (C) 2018  Intel Corporation. All rights reserved.
Your use of Intel Corporation's design tools, logic functions 
and other software and tools, and its AMPP partner logic 
functions, and any output files from any of the foregoing 
(including device programming or simulation files), and any 
associated documentation or information are expressly subject 
to the terms and conditions of the Intel Program License 
Subscription Agreement, the Intel Quartus Prime License Agreement,
the Intel FPGA IP License Agreement, or other applicable license
agreement, including, without limitation, that your use is for
the sole purpose of programming logic devices manufactured by
Intel and sold by Intel or its authorized distributors.  Please
refer to the applicable agreement for further details.



+----------------------------------------------------------------------------------+
; Analysis & Synthesis Summary                                                     ;
+------------------------------------+---------------------------------------------+
; Analysis & Synthesis Status        ; Successful - Thu Jun 22 15:47:09 2023       ;
; Quartus Prime Version              ; 18.1.0 Build 625 09/12/2018 SJ Lite Edition ;
; Revision Name                      ; projetofinal                                ;
; Top-level Entity Name              ; projetofinal                                ;
; Family                             ; MAX 10                                      ;
; Total logic elements               ; 286                                         ;
;     Total combinational functions  ; 286                                         ;
;     Dedicated logic registers      ; 122                                         ;
; Total registers                    ; 122                                         ;
; Total pins                         ; 50                                          ;
; Total virtual pins                 ; 0                                           ;
; Total memory bits                  ; 0                                           ;
; Embedded Multiplier 9-bit elements ; 0                                           ;
; Total PLLs                         ; 0                                           ;
; UFM blocks                         ; 0                                           ;
; ADC blocks                         ; 0                                           ;
+------------------------------------+---------------------------------------------+


+------------------------------------------------------------------------------------------------------------+
; Analysis & Synthesis Settings                                                                              ;
+------------------------------------------------------------------+--------------------+--------------------+
; Option                                                           ; Setting            ; Default Value      ;
+------------------------------------------------------------------+--------------------+--------------------+
; Device                                                           ; 10M50DAF484C7G     ;                    ;
; Top-level entity name                                            ; projetofinal       ; projetofinal       ;
; Family name                                                      ; MAX 10             ; Cyclone V          ;
; Use smart compilation                                            ; Off                ; Off                ;
; Enable parallel Assembler and Timing Analyzer during compilation ; On                 ; On                 ;
; Enable compact report table                                      ; Off                ; Off                ;
; Restructure Multiplexers                                         ; Auto               ; Auto               ;
; Create Debugging Nodes for IP Cores                              ; Off                ; Off                ;
; Preserve fewer node names                                        ; On                 ; On                 ;
; Intel FPGA IP Evaluation Mode                                    ; Enable             ; Enable             ;
; Verilog Version                                                  ; Verilog_2001       ; Verilog_2001       ;
; VHDL Version                                                     ; VHDL_1993          ; VHDL_1993          ;
; State Machine Processing                                         ; Auto               ; Auto               ;
; Safe State Machine                                               ; Off                ; Off                ;
; Extract Verilog State Machines                                   ; On                 ; On                 ;
; Extract VHDL State Machines                                      ; On                 ; On                 ;
; Ignore Verilog initial constructs                                ; Off                ; Off                ;
; Iteration limit for constant Verilog loops                       ; 5000               ; 5000               ;
; Iteration limit for non-constant Verilog loops                   ; 250                ; 250                ;
; Add Pass-Through Logic to Inferred RAMs                          ; On                 ; On                 ;
; Infer RAMs from Raw Logic                                        ; On                 ; On                 ;
; Parallel Synthesis                                               ; On                 ; On                 ;
; DSP Block Balancing                                              ; Auto               ; Auto               ;
; NOT Gate Push-Back                                               ; On                 ; On                 ;
; Power-Up Don't Care                                              ; On                 ; On                 ;
; Remove Redundant Logic Cells                                     ; Off                ; Off                ;
; Remove Duplicate Registers                                       ; On                 ; On                 ;
; Ignore CARRY Buffers                                             ; Off                ; Off                ;
; Ignore CASCADE Buffers                                           ; Off                ; Off                ;
; Ignore GLOBAL Buffers                                            ; Off                ; Off                ;
; Ignore ROW GLOBAL Buffers                                        ; Off                ; Off                ;
; Ignore LCELL Buffers                                             ; Off                ; Off                ;
; Ignore SOFT Buffers                                              ; On                 ; On                 ;
; Limit AHDL Integers to 32 Bits                                   ; Off                ; Off                ;
; Optimization Technique                                           ; Balanced           ; Balanced           ;
; Carry Chain Length                                               ; 70                 ; 70                 ;
; Auto Carry Chains                                                ; On                 ; On                 ;
; Auto Open-Drain Pins                                             ; On                 ; On                 ;
; Perform WYSIWYG Primitive Resynthesis                            ; Off                ; Off                ;
; Auto ROM Replacement                                             ; On                 ; On                 ;
; Auto RAM Replacement                                             ; On                 ; On                 ;
; Auto DSP Block Replacement                                       ; On                 ; On                 ;
; Auto Shift Register Replacement                                  ; Auto               ; Auto               ;
; Allow Shift Register Merging across Hierarchies                  ; Auto               ; Auto               ;
; Auto Clock Enable Replacement                                    ; On                 ; On                 ;
; Strict RAM Replacement                                           ; Off                ; Off                ;
; Allow Synchronous Control Signals                                ; On                 ; On                 ;
; Force Use of Synchronous Clear Signals                           ; Off                ; Off                ;
; Auto RAM Block Balancing                                         ; On                 ; On                 ;
; Auto RAM to Logic Cell Conversion                                ; Off                ; Off                ;
; Auto Resource Sharing                                            ; Off                ; Off                ;
; Allow Any RAM Size For Recognition                               ; Off                ; Off                ;
; Allow Any ROM Size For Recognition                               ; Off                ; Off                ;
; Allow Any Shift Register Size For Recognition                    ; Off                ; Off                ;
; Use LogicLock Constraints during Resource Balancing              ; On                 ; On                 ;
; Ignore translate_off and synthesis_off directives                ; Off                ; Off                ;
; Timing-Driven Synthesis                                          ; On                 ; On                 ;
; Report Parameter Settings                                        ; On                 ; On                 ;
; Report Source Assignments                                        ; On                 ; On                 ;
; Report Connectivity Checks                                       ; On                 ; On                 ;
; Ignore Maximum Fan-Out Assignments                               ; Off                ; Off                ;
; Synchronization Register Chain Length                            ; 2                  ; 2                  ;
; Power Optimization During Synthesis                              ; Normal compilation ; Normal compilation ;
; HDL message level                                                ; Level2             ; Level2             ;
; Suppress Register Optimization Related Messages                  ; Off                ; Off                ;
; Number of Removed Registers Reported in Synthesis Report         ; 5000               ; 5000               ;
; Number of Swept Nodes Reported in Synthesis Report               ; 5000               ; 5000               ;
; Number of Inverted Registers Reported in Synthesis Report        ; 100                ; 100                ;
; Clock MUX Protection                                             ; On                 ; On                 ;
; Auto Gated Clock Conversion                                      ; Off                ; Off                ;
; Block Design Naming                                              ; Auto               ; Auto               ;
; SDC constraint protection                                        ; Off                ; Off                ;
; Synthesis Effort                                                 ; Auto               ; Auto               ;
; Shift Register Replacement - Allow Asynchronous Clear Signal     ; On                 ; On                 ;
; Pre-Mapping Resynthesis Optimization                             ; Off                ; Off                ;
; Analysis & Synthesis Message Level                               ; Medium             ; Medium             ;
; Disable Register Merging Across Hierarchies                      ; Auto               ; Auto               ;
; Resource Aware Inference For Block RAM                           ; On                 ; On                 ;
+------------------------------------------------------------------+--------------------+--------------------+


+------------------------------------------+
; Parallel Compilation                     ;
+----------------------------+-------------+
; Processors                 ; Number      ;
+----------------------------+-------------+
; Number detected on machine ; 4           ;
; Maximum allowed            ; 4           ;
;                            ;             ;
; Average used               ; 1.00        ;
; Maximum used               ; 4           ;
;                            ;             ;
; Usage by Processor         ; % Time Used ;
;     Processor 1            ; 100.0%      ;
;     Processor 2            ;   0.0%      ;
;     Processors 3-4         ;   0.0%      ;
+----------------------------+-------------+


+-------------------------------------------------------------------------------------------------------------------------------------------------+
; Analysis & Synthesis Source Files Read                                                                                                          ;
+----------------------------------+-----------------+-----------------+----------------------------------------------------------------+---------+
; File Name with User-Entered Path ; Used in Netlist ; File Type       ; File Name with Absolute Path                                   ; Library ;
+----------------------------------+-----------------+-----------------+----------------------------------------------------------------+---------+
; operador.vhd                     ; yes             ; User VHDL File  ; C:/Users/DAELN/Downloads/projetofinal/operador.vhd             ;         ;
; aritmetica.vhd                   ; yes             ; User VHDL File  ; C:/Users/DAELN/Downloads/projetofinal/aritmetica.vhd           ;         ;
; check.vhd                        ; yes             ; User VHDL File  ; C:/Users/DAELN/Downloads/projetofinal/check.vhd                ;         ;
; Timing_Reference500k.vhd         ; yes             ; User VHDL File  ; C:/Users/DAELN/Downloads/projetofinal/Timing_Reference500k.vhd ;         ;
; Timing_Reference350k.vhd         ; yes             ; User VHDL File  ; C:/Users/DAELN/Downloads/projetofinal/Timing_Reference350k.vhd ;         ;
; contadorDePontos.vhd             ; yes             ; User VHDL File  ; C:/Users/DAELN/Downloads/projetofinal/contadorDePontos.vhd     ;         ;
; projetofinal.vhd                 ; yes             ; User VHDL File  ; C:/Users/DAELN/Downloads/projetofinal/projetofinal.vhd         ;         ;
; operando.vhd                     ; yes             ; User VHDL File  ; C:/Users/DAELN/Downloads/projetofinal/operando.vhd             ;         ;
; display4bits.vhd                 ; yes             ; User VHDL File  ; C:/Users/DAELN/Downloads/projetofinal/display4bits.vhd         ;         ;
; Timing_Reference1.vhd            ; yes             ; User VHDL File  ; C:/Users/DAELN/Downloads/projetofinal/Timing_Reference1.vhd    ;         ;
; temporizador.vhd                 ; yes             ; User VHDL File  ; C:/Users/DAELN/Downloads/projetofinal/temporizador.vhd         ;         ;
+----------------------------------+-----------------+-----------------+----------------------------------------------------------------+---------+


+---------------------------------------------------------+
; Analysis & Synthesis Resource Usage Summary             ;
+---------------------------------------------+-----------+
; Resource                                    ; Usage     ;
+---------------------------------------------+-----------+
; Estimated Total logic elements              ; 286       ;
;                                             ;           ;
; Total combinational functions               ; 286       ;
; Logic element usage by number of LUT inputs ;           ;
;     -- 4 input functions                    ; 96        ;
;     -- 3 input functions                    ; 53        ;
;     -- <=2 input functions                  ; 137       ;
;                                             ;           ;
; Logic elements by mode                      ;           ;
;     -- normal mode                          ; 175       ;
;     -- arithmetic mode                      ; 111       ;
;                                             ;           ;
; Total registers                             ; 122       ;
;     -- Dedicated logic registers            ; 122       ;
;     -- I/O registers                        ; 0         ;
;                                             ;           ;
; I/O pins                                    ; 50        ;
;                                             ;           ;
; Embedded Multiplier 9-bit elements          ; 0         ;
;                                             ;           ;
; Maximum fan-out node                        ; clk~input ;
; Maximum fan-out                             ; 99        ;
; Total fan-out                               ; 1148      ;
; Average fan-out                             ; 2.26      ;
+---------------------------------------------+-----------+


+-------------------------------------------------------------------------------------------------------------------------------------------------------------------------------------------------------------------------------------------------------------------------+
; Analysis & Synthesis Resource Utilization by Entity                                                                                                                                                                                                                     ;
+----------------------------------+---------------------+---------------------------+-------------+------------+--------------+---------+-----------+------+--------------+------------+-------------------------------------------+----------------------+--------------+
; Compilation Hierarchy Node       ; Combinational ALUTs ; Dedicated Logic Registers ; Memory Bits ; UFM Blocks ; DSP Elements ; DSP 9x9 ; DSP 18x18 ; Pins ; Virtual Pins ; ADC blocks ; Full Hierarchy Name                       ; Entity Name          ; Library Name ;
+----------------------------------+---------------------+---------------------------+-------------+------------+--------------+---------+-----------+------+--------------+------------+-------------------------------------------+----------------------+--------------+
; |projetofinal                    ; 286 (4)             ; 122 (0)                   ; 0           ; 0          ; 0            ; 0       ; 0         ; 50   ; 0            ; 0          ; |projetofinal                             ; projetofinal         ; work         ;
;    |Timing_Reference1:clock1hz|  ; 56 (56)             ; 33 (33)                   ; 0           ; 0          ; 0            ; 0       ; 0         ; 0    ; 0            ; 0          ; |projetofinal|Timing_Reference1:clock1hz  ; Timing_Reference1    ; work         ;
;    |Timing_Reference350k:clock2| ; 47 (47)             ; 33 (33)                   ; 0           ; 0          ; 0            ; 0       ; 0         ; 0    ; 0            ; 0          ; |projetofinal|Timing_Reference350k:clock2 ; Timing_Reference350k ; work         ;
;    |Timing_Reference500k:clock1| ; 46 (46)             ; 32 (32)                   ; 0           ; 0          ; 0            ; 0       ; 0         ; 0    ; 0            ; 0          ; |projetofinal|Timing_Reference500k:clock1 ; Timing_Reference500k ; work         ;
;    |aritmetica:arit|             ; 48 (48)             ; 0 (0)                     ; 0           ; 0          ; 0            ; 0       ; 0         ; 0    ; 0            ; 0          ; |projetofinal|aritmetica:arit             ; aritmetica           ; work         ;
;    |check:check1|                ; 1 (1)               ; 0 (0)                     ; 0           ; 0          ; 0            ; 0       ; 0         ; 0    ; 0            ; 0          ; |projetofinal|check:check1                ; check                ; work         ;
;    |contadorDePontos:cont|       ; 10 (10)             ; 4 (4)                     ; 0           ; 0          ; 0            ; 0       ; 0         ; 0    ; 0            ; 0          ; |projetofinal|contadorDePontos:cont       ; contadorDePontos     ; work         ;
;    |display4bits:inst_hex0|      ; 7 (7)               ; 0 (0)                     ; 0           ; 0          ; 0            ; 0       ; 0         ; 0    ; 0            ; 0          ; |projetofinal|display4bits:inst_hex0      ; display4bits         ; work         ;
;    |display4bits:inst_hex1|      ; 9 (9)               ; 0 (0)                     ; 0           ; 0          ; 0            ; 0       ; 0         ; 0    ; 0            ; 0          ; |projetofinal|display4bits:inst_hex1      ; display4bits         ; work         ;
;    |display4bits:inst_hex2|      ; 7 (7)               ; 0 (0)                     ; 0           ; 0          ; 0            ; 0       ; 0         ; 0    ; 0            ; 0          ; |projetofinal|display4bits:inst_hex2      ; display4bits         ; work         ;
;    |display4bits:inst_hex3|      ; 7 (7)               ; 0 (0)                     ; 0           ; 0          ; 0            ; 0       ; 0         ; 0    ; 0            ; 0          ; |projetofinal|display4bits:inst_hex3      ; display4bits         ; work         ;
;    |display4bits:inst_hex4|      ; 7 (7)               ; 0 (0)                     ; 0           ; 0          ; 0            ; 0       ; 0         ; 0    ; 0            ; 0          ; |projetofinal|display4bits:inst_hex4      ; display4bits         ; work         ;
;    |display4bits:inst_hex5|      ; 7 (7)               ; 0 (0)                     ; 0           ; 0          ; 0            ; 0       ; 0         ; 0    ; 0            ; 0          ; |projetofinal|display4bits:inst_hex5      ; display4bits         ; work         ;
;    |operador:opr|                ; 3 (3)               ; 3 (3)                     ; 0           ; 0          ; 0            ; 0       ; 0         ; 0    ; 0            ; 0          ; |projetofinal|operador:opr                ; operador             ; work         ;
;    |operando:oper1|              ; 4 (4)               ; 4 (4)                     ; 0           ; 0          ; 0            ; 0       ; 0         ; 0    ; 0            ; 0          ; |projetofinal|operando:oper1              ; operando             ; work         ;
;    |operando:oper2|              ; 4 (4)               ; 4 (4)                     ; 0           ; 0          ; 0            ; 0       ; 0         ; 0    ; 0            ; 0          ; |projetofinal|operando:oper2              ; operando             ; work         ;
;    |temporizador:temp|           ; 19 (19)             ; 9 (9)                     ; 0           ; 0          ; 0            ; 0       ; 0         ; 0    ; 0            ; 0          ; |projetofinal|temporizador:temp           ; temporizador         ; work         ;
+----------------------------------+---------------------+---------------------------+-------------+------------+--------------+---------+-----------+------+--------------+------------+-------------------------------------------+----------------------+--------------+
Note: For table entries with two numbers listed, the numbers in parentheses indicate the number of resources of the given type used by the specific entity alone. The numbers listed outside of parentheses indicate the total resources of the given type used by the specific entity and all of its sub-entities in the hierarchy.


+-------------------------------------------------------------------------------------------------------------------+
; User-Specified and Inferred Latches                                                                               ;
+----------------------------------------------------+-------------------------------------+------------------------+
; Latch Name                                         ; Latch Enable Signal                 ; Free of Timing Hazards ;
+----------------------------------------------------+-------------------------------------+------------------------+
; aritmetica:arit|resposta_parcial[0]                ; aritmetica:arit|resposta_parcial[4] ; yes                    ;
; aritmetica:arit|resposta_parcial[1]                ; aritmetica:arit|resposta_parcial[4] ; yes                    ;
; aritmetica:arit|resposta_parcial[2]                ; aritmetica:arit|resposta_parcial[4] ; yes                    ;
; aritmetica:arit|resposta_parcial[3]                ; aritmetica:arit|resposta_parcial[4] ; yes                    ;
; aritmetica:arit|resposta_parcial[4]                ; aritmetica:arit|resposta_parcial[4] ; yes                    ;
; Number of user-specified and inferred latches = 5  ;                                     ;                        ;
+----------------------------------------------------+-------------------------------------+------------------------+
Note: All latches listed above may not be present at the end of synthesis due to various synthesis optimizations.


+-----------------------------------------------------------------------------------------+
; Registers Removed During Synthesis                                                      ;
+---------------------------------------+-------------------------------------------------+
; Register name                         ; Reason for Removal                              ;
+---------------------------------------+-------------------------------------------------+
; Timing_Reference500k:clock1|count[0]  ; Merged with Timing_Reference1:clock1hz|count[0] ;
; Total Number of Removed Registers = 1 ;                                                 ;
+---------------------------------------+-------------------------------------------------+


+------------------------------------------------------+
; General Register Statistics                          ;
+----------------------------------------------+-------+
; Statistic                                    ; Value ;
+----------------------------------------------+-------+
; Total registers                              ; 122   ;
; Number of registers using Synchronous Clear  ; 0     ;
; Number of registers using Synchronous Load   ; 0     ;
; Number of registers using Asynchronous Clear ; 13    ;
; Number of registers using Asynchronous Load  ; 0     ;
; Number of registers using Clock Enable       ; 0     ;
; Number of registers using Preset             ; 0     ;
+----------------------------------------------+-------+


+--------------------------------------------------+
; Inverted Register Statistics                     ;
+----------------------------------------+---------+
; Inverted Register                      ; Fan out ;
+----------------------------------------+---------+
; temporizador:temp|internal_count[2]    ; 9       ;
; temporizador:temp|internal_count[5]    ; 9       ;
; temporizador:temp|internal_count[7]    ; 9       ;
; temporizador:temp|internal_count[4]    ; 9       ;
; temporizador:temp|zerar                ; 1       ;
; Timing_Reference1:clock1hz|count[0]    ; 4       ;
; Timing_Reference350k:clock2|count[0]   ; 2       ;
; Total number of inverted registers = 7 ;         ;
+----------------------------------------+---------+


+---------------------------------------------------------------------------------------------------------------------------------------------------------------------+
; Multiplexer Restructuring Statistics (Restructuring Performed)                                                                                                      ;
+--------------------+-----------+---------------+----------------------+------------------------+------------+-------------------------------------------------------+
; Multiplexer Inputs ; Bus Width ; Baseline Area ; Area if Restructured ; Saving if Restructured ; Registered ; Example Multiplexer Output                            ;
+--------------------+-----------+---------------+----------------------+------------------------+------------+-------------------------------------------------------+
; 3:1                ; 4 bits    ; 8 LEs         ; 4 LEs                ; 4 LEs                  ; Yes        ; |projetofinal|contadorDePontos:cont|internal_count[1] ;
; 9:1                ; 3 bits    ; 18 LEs        ; 12 LEs               ; 6 LEs                  ; No         ; |projetofinal|aritmetica:arit|resposta_parcial[1]     ;
+--------------------+-----------+---------------+----------------------+------------------------+------------+-------------------------------------------------------+


+----------------------------------------------------+
; Port Connectivity Checks: "display4bits:inst_hex1" ;
+-----------+-------+----------+---------------------+
; Port      ; Type  ; Severity ; Details             ;
+-----------+-------+----------+---------------------+
; number[3] ; Input ; Info     ; Stuck at GND        ;
+-----------+-------+----------+---------------------+


+------------------------------------------+
; Port Connectivity Checks: "operador:opr" ;
+-------+-------+----------+---------------+
; Port  ; Type  ; Severity ; Details       ;
+-------+-------+----------+---------------+
; reset ; Input ; Info     ; Stuck at GND  ;
+-------+-------+----------+---------------+


+--------------------------------------------+
; Port Connectivity Checks: "operando:oper2" ;
+-------+-------+----------+-----------------+
; Port  ; Type  ; Severity ; Details         ;
+-------+-------+----------+-----------------+
; reset ; Input ; Info     ; Stuck at GND    ;
+-------+-------+----------+-----------------+


+--------------------------------------------+
; Port Connectivity Checks: "operando:oper1" ;
+-------+-------+----------+-----------------+
; Port  ; Type  ; Severity ; Details         ;
+-------+-------+----------+-----------------+
; reset ; Input ; Info     ; Stuck at GND    ;
+-------+-------+----------+-----------------+


+-----------------------------------------------------+
; Post-Synthesis Netlist Statistics for Top Partition ;
+-----------------------+-----------------------------+
; Type                  ; Count                       ;
+-----------------------+-----------------------------+
; boundary_port         ; 50                          ;
; cycloneiii_ff         ; 122                         ;
;     CLR               ; 13                          ;
;     plain             ; 109                         ;
; cycloneiii_lcell_comb ; 288                         ;
;     arith             ; 111                         ;
;         2 data inputs ; 98                          ;
;         3 data inputs ; 13                          ;
;     normal            ; 177                         ;
;         0 data inputs ; 3                           ;
;         1 data inputs ; 14                          ;
;         2 data inputs ; 24                          ;
;         3 data inputs ; 40                          ;
;         4 data inputs ; 96                          ;
;                       ;                             ;
; Max LUT depth         ; 8.00                        ;
; Average LUT depth     ; 3.42                        ;
+-----------------------+-----------------------------+


+-------------------------------+
; Elapsed Time Per Partition    ;
+----------------+--------------+
; Partition Name ; Elapsed Time ;
+----------------+--------------+
; Top            ; 00:00:01     ;
+----------------+--------------+


+-------------------------------+
; Analysis & Synthesis Messages ;
+-------------------------------+
Info: *******************************************************************
Info: Running Quartus Prime Analysis & Synthesis
    Info: Version 18.1.0 Build 625 09/12/2018 SJ Lite Edition
    Info: Processing started: Thu Jun 22 15:46:58 2023
Info: Command: quartus_map --read_settings_files=on --write_settings_files=off projetofinal -c projetofinal
Warning (18236): Number of processors has not been specified which may cause overloading on shared machines.  Set the global assignment NUM_PARALLEL_PROCESSORS in your QSF to an appropriate value for best performance.
Info (20030): Parallel compilation is enabled and will use 4 of the 4 processors detected
Info (12021): Found 2 design units, including 1 entities, in source file operador.vhd
    Info (12022): Found design unit 1: operador-a_operador File: C:/Users/DAELN/Downloads/projetofinal/operador.vhd Line: 13
    Info (12023): Found entity 1: operador File: C:/Users/DAELN/Downloads/projetofinal/operador.vhd Line: 5
Info (12021): Found 2 design units, including 1 entities, in source file aritmetica.vhd
    Info (12022): Found design unit 1: aritmetica-a_aritmetica File: C:/Users/DAELN/Downloads/projetofinal/aritmetica.vhd Line: 14
    Info (12023): Found entity 1: aritmetica File: C:/Users/DAELN/Downloads/projetofinal/aritmetica.vhd Line: 5
Info (12021): Found 2 design units, including 1 entities, in source file check.vhd
    Info (12022): Found design unit 1: check-a_check File: C:/Users/DAELN/Downloads/projetofinal/check.vhd Line: 13
    Info (12023): Found entity 1: check File: C:/Users/DAELN/Downloads/projetofinal/check.vhd Line: 5
Info (12021): Found 2 design units, including 1 entities, in source file timing_reference500k.vhd
    Info (12022): Found design unit 1: Timing_Reference500k-freq_div File: C:/Users/DAELN/Downloads/projetofinal/Timing_Reference500k.vhd Line: 13
    Info (12023): Found entity 1: Timing_Reference500k File: C:/Users/DAELN/Downloads/projetofinal/Timing_Reference500k.vhd Line: 5
Info (12021): Found 2 design units, including 1 entities, in source file timing_reference350k.vhd
    Info (12022): Found design unit 1: Timing_Reference350k-freq_div File: C:/Users/DAELN/Downloads/projetofinal/Timing_Reference350k.vhd Line: 11
    Info (12023): Found entity 1: Timing_Reference350k File: C:/Users/DAELN/Downloads/projetofinal/Timing_Reference350k.vhd Line: 5
Info (12021): Found 2 design units, including 1 entities, in source file contadordepontos.vhd
    Info (12022): Found design unit 1: contadorDePontos-a_contadorDePontos File: C:/Users/DAELN/Downloads/projetofinal/contadorDePontos.vhd Line: 14
    Info (12023): Found entity 1: contadorDePontos File: C:/Users/DAELN/Downloads/projetofinal/contadorDePontos.vhd Line: 5
Info (12021): Found 2 design units, including 1 entities, in source file projetofinal.vhd
    Info (12022): Found design unit 1: projetofinal-a_projetofinal File: C:/Users/DAELN/Downloads/projetofinal/projetofinal.vhd Line: 20
    Info (12023): Found entity 1: projetofinal File: C:/Users/DAELN/Downloads/projetofinal/projetofinal.vhd Line: 5
Info (12021): Found 2 design units, including 1 entities, in source file operando.vhd
    Info (12022): Found design unit 1: operando-a_operando File: C:/Users/DAELN/Downloads/projetofinal/operando.vhd Line: 12
    Info (12023): Found entity 1: operando File: C:/Users/DAELN/Downloads/projetofinal/operando.vhd Line: 4
Info (12021): Found 2 design units, including 1 entities, in source file display4bits.vhd
    Info (12022): Found design unit 1: display4bits-gate_level File: C:/Users/DAELN/Downloads/projetofinal/display4bits.vhd Line: 11
    Info (12023): Found entity 1: display4bits File: C:/Users/DAELN/Downloads/projetofinal/display4bits.vhd Line: 4
Info (12021): Found 2 design units, including 1 entities, in source file timing_reference1.vhd
    Info (12022): Found design unit 1: Timing_Reference1-freq_div File: C:/Users/DAELN/Downloads/projetofinal/Timing_Reference1.vhd Line: 11
    Info (12023): Found entity 1: Timing_Reference1 File: C:/Users/DAELN/Downloads/projetofinal/Timing_Reference1.vhd Line: 5
Info (12021): Found 2 design units, including 1 entities, in source file temporizador.vhd
    Info (12022): Found design unit 1: temporizador-a_temporizador File: C:/Users/DAELN/Downloads/projetofinal/temporizador.vhd Line: 14
    Info (12023): Found entity 1: temporizador File: C:/Users/DAELN/Downloads/projetofinal/temporizador.vhd Line: 5
Info (12127): Elaborating entity "projetofinal" for the top level hierarchy
Info (12128): Elaborating entity "Timing_Reference500k" for hierarchy "Timing_Reference500k:clock1" File: C:/Users/DAELN/Downloads/projetofinal/projetofinal.vhd Line: 113
Warning (10492): VHDL Process Statement warning at Timing_Reference500k.vhd(29): signal "tmp" is read inside the Process Statement but isn't in the Process Statement's sensitivity list File: C:/Users/DAELN/Downloads/projetofinal/Timing_Reference500k.vhd Line: 29
Info (12128): Elaborating entity "Timing_Reference350k" for hierarchy "Timing_Reference350k:clock2" File: C:/Users/DAELN/Downloads/projetofinal/projetofinal.vhd Line: 118
Warning (10492): VHDL Process Statement warning at Timing_Reference350k.vhd(27): signal "tmp" is read inside the Process Statement but isn't in the Process Statement's sensitivity list File: C:/Users/DAELN/Downloads/projetofinal/Timing_Reference350k.vhd Line: 27
Info (12128): Elaborating entity "Timing_Reference1" for hierarchy "Timing_Reference1:clock1hz" File: C:/Users/DAELN/Downloads/projetofinal/projetofinal.vhd Line: 123
Warning (10492): VHDL Process Statement warning at Timing_Reference1.vhd(27): signal "tmp" is read inside the Process Statement but isn't in the Process Statement's sensitivity list File: C:/Users/DAELN/Downloads/projetofinal/Timing_Reference1.vhd Line: 27
Info (12128): Elaborating entity "operando" for hierarchy "operando:oper1" File: C:/Users/DAELN/Downloads/projetofinal/projetofinal.vhd Line: 128
Warning (10492): VHDL Process Statement warning at operando.vhd(17): signal "reset" is read inside the Process Statement but isn't in the Process Statement's sensitivity list File: C:/Users/DAELN/Downloads/projetofinal/operando.vhd Line: 17
Info (12128): Elaborating entity "operador" for hierarchy "operador:opr" File: C:/Users/DAELN/Downloads/projetofinal/projetofinal.vhd Line: 140
Info (12128): Elaborating entity "aritmetica" for hierarchy "aritmetica:arit" File: C:/Users/DAELN/Downloads/projetofinal/projetofinal.vhd Line: 146
Warning (10631): VHDL Process Statement warning at aritmetica.vhd(17): inferring latch(es) for signal or variable "resposta_parcial", which holds its previous value in one or more paths through the process File: C:/Users/DAELN/Downloads/projetofinal/aritmetica.vhd Line: 17
Info (10041): Inferred latch for "resposta_parcial[0]" at aritmetica.vhd(17) File: C:/Users/DAELN/Downloads/projetofinal/aritmetica.vhd Line: 17
Info (10041): Inferred latch for "resposta_parcial[1]" at aritmetica.vhd(17) File: C:/Users/DAELN/Downloads/projetofinal/aritmetica.vhd Line: 17
Info (10041): Inferred latch for "resposta_parcial[2]" at aritmetica.vhd(17) File: C:/Users/DAELN/Downloads/projetofinal/aritmetica.vhd Line: 17
Info (10041): Inferred latch for "resposta_parcial[3]" at aritmetica.vhd(17) File: C:/Users/DAELN/Downloads/projetofinal/aritmetica.vhd Line: 17
Info (10041): Inferred latch for "resposta_parcial[4]" at aritmetica.vhd(17) File: C:/Users/DAELN/Downloads/projetofinal/aritmetica.vhd Line: 17
Info (12128): Elaborating entity "check" for hierarchy "check:check1" File: C:/Users/DAELN/Downloads/projetofinal/projetofinal.vhd Line: 153
Info (12128): Elaborating entity "contadorDePontos" for hierarchy "contadorDePontos:cont" File: C:/Users/DAELN/Downloads/projetofinal/projetofinal.vhd Line: 159
Info (12128): Elaborating entity "temporizador" for hierarchy "temporizador:temp" File: C:/Users/DAELN/Downloads/projetofinal/projetofinal.vhd Line: 166
Warning (10492): VHDL Process Statement warning at temporizador.vhd(19): signal "reset" is read inside the Process Statement but isn't in the Process Statement's sensitivity list File: C:/Users/DAELN/Downloads/projetofinal/temporizador.vhd Line: 19
Info (12128): Elaborating entity "display4bits" for hierarchy "display4bits:inst_hex0" File: C:/Users/DAELN/Downloads/projetofinal/projetofinal.vhd Line: 174
Warning (13012): Latch aritmetica:arit|resposta_parcial[0] has unsafe behavior File: C:/Users/DAELN/Downloads/projetofinal/aritmetica.vhd Line: 17
    Warning (13013): Ports D and ENA on the latch are fed by the same signal operador:opr|internal_count[2] File: C:/Users/DAELN/Downloads/projetofinal/operador.vhd Line: 18
Warning (13012): Latch aritmetica:arit|resposta_parcial[1] has unsafe behavior File: C:/Users/DAELN/Downloads/projetofinal/aritmetica.vhd Line: 17
    Warning (13013): Ports D and ENA on the latch are fed by the same signal operador:opr|internal_count[2] File: C:/Users/DAELN/Downloads/projetofinal/operador.vhd Line: 18
Warning (13012): Latch aritmetica:arit|resposta_parcial[2] has unsafe behavior File: C:/Users/DAELN/Downloads/projetofinal/aritmetica.vhd Line: 17
    Warning (13013): Ports D and ENA on the latch are fed by the same signal operador:opr|internal_count[2] File: C:/Users/DAELN/Downloads/projetofinal/operador.vhd Line: 18
Warning (13012): Latch aritmetica:arit|resposta_parcial[3] has unsafe behavior File: C:/Users/DAELN/Downloads/projetofinal/aritmetica.vhd Line: 17
    Warning (13013): Ports D and ENA on the latch are fed by the same signal operador:opr|internal_count[2] File: C:/Users/DAELN/Downloads/projetofinal/operador.vhd Line: 18
Warning (13012): Latch aritmetica:arit|resposta_parcial[4] has unsafe behavior File: C:/Users/DAELN/Downloads/projetofinal/aritmetica.vhd Line: 17
    Warning (13013): Ports D and ENA on the latch are fed by the same signal operador:opr|internal_count[0] File: C:/Users/DAELN/Downloads/projetofinal/operador.vhd Line: 18
Info (13000): Registers with preset signals will power-up high File: C:/Users/DAELN/Downloads/projetofinal/temporizador.vhd Line: 10
Info (13003): DEV_CLRn pin will set, and not reset, register with preset signal due to NOT Gate Push-Back
Info (286030): Timing-Driven Synthesis is running
Info (16010): Generating hard_block partition "hard_block:auto_generated_inst"
    Info (16011): Adding 0 node(s), including 0 DDIO, 0 PLL, 0 transceiver and 0 LCELL
Info (21057): Implemented 336 device resources after synthesis - the final resource count might be different
    Info (21058): Implemented 8 input pins
    Info (21059): Implemented 42 output pins
    Info (21061): Implemented 286 logic cells
Info: Quartus Prime Analysis & Synthesis was successful. 0 errors, 17 warnings
    Info: Peak virtual memory: 651 megabytes
    Info: Processing ended: Thu Jun 22 15:47:09 2023
    Info: Elapsed time: 00:00:11
    Info: Total CPU time (on all processors): 00:00:22


